<?xml version="1.0" encoding="UTF-8"?>
<robot generator="Robot 6.0.2 (Python 3.10.5 on win32)" generated="20230210 22:42:10.099" rpa="false" schemaversion="3">
<suite id="s1" name="SloginTest" source="D:\New folder\VE\env\Testcases\SloginTest.robot">
<test id="s1-t1" name="Verify login functionality" line="12">
<kw name="Input UserName" library="SouceDemoLoginKeywords" type="SETUP">
<arg>standard_user</arg>
<kw name="Open Browser" library="SeleniumLibrary">
<arg>https://www.saucedemo.com/</arg>
<arg>edge</arg>
<doc>Opens a new browser instance to the optional ``url``.</doc>
<msg timestamp="20230210 22:42:10.481" level="INFO">Opening browser 'edge' to base url 'https://www.saucedemo.com/'.</msg>
<status status="PASS" starttime="20230210 22:42:10.481" endtime="20230210 22:42:13.778"/>
</kw>
<kw name="Maximize Browser Window" library="SeleniumLibrary">
<doc>Maximizes current browser window.</doc>
<status status="PASS" starttime="20230210 22:42:13.781" endtime="20230210 22:42:13.910"/>
</kw>
<kw name="Input Text" library="SeleniumLibrary">
<arg>${userName}</arg>
<arg>${username1}</arg>
<doc>Types the given ``text`` into the text field identified by ``locator``.</doc>
<msg timestamp="20230210 22:42:13.912" level="INFO">Typing text 'standard_user' into text field 'id:user-name'.</msg>
<status status="PASS" starttime="20230210 22:42:13.911" endtime="20230210 22:42:14.078"/>
</kw>
<status status="PASS" starttime="20230210 22:42:10.481" endtime="20230210 22:42:14.078"/>
</kw>
<kw name="Input password1" library="SouceDemoLoginKeywords">
<arg>secret_sauce</arg>
<kw name="Input Text" library="SeleniumLibrary">
<arg>${passwrd}</arg>
<arg>${pass}</arg>
<doc>Types the given ``text`` into the text field identified by ``locator``.</doc>
<msg timestamp="20230210 22:42:14.079" level="INFO">Typing text 'secret_sauce' into text field 'id:password'.</msg>
<status status="PASS" starttime="20230210 22:42:14.079" endtime="20230210 22:42:14.178"/>
</kw>
<status status="PASS" starttime="20230210 22:42:14.079" endtime="20230210 22:42:14.178"/>
</kw>
<kw name="Click on login button" library="SouceDemoLoginKeywords">
<kw name="Click Button" library="SeleniumLibrary">
<arg>${lgnBtn}</arg>
<doc>Clicks the button identified by ``locator``.</doc>
<msg timestamp="20230210 22:42:14.181" level="INFO">Clicking button 'id:login-button'.</msg>
<status status="PASS" starttime="20230210 22:42:14.179" endtime="20230210 22:42:14.283"/>
</kw>
<status status="PASS" starttime="20230210 22:42:14.178" endtime="20230210 22:42:14.284"/>
</kw>
<doc>This testcase will verify user is able to login in the app</doc>
<tag>smoke</tag>
<status status="PASS" starttime="20230210 22:42:10.480" endtime="20230210 22:42:14.284"/>
</test>
<test id="s1-t2" name="Add proudct cart" line="19">
<kw name="Add Product By Name" library="Hello">
<arg>${productlist}</arg>
<msg timestamp="20230210 22:42:14.351" level="INFO">Clicking button 'xpath:(//*[normalize-space(text()) = 'Add to cart'])[2]'.</msg>
<msg timestamp="20230210 22:42:14.538" level="INFO">Clicking button 'xpath:(//*[normalize-space(text()) = 'Add to cart'])[4]'.</msg>
<msg timestamp="20230210 22:42:14.669" level="INFO">Sauce Labs Backpack
Sauce Labs Bike Light
Sauce Labs Bolt T-Shirt
Sauce Labs Fleece Jacket
Sauce Labs Onesie
Test.allTheThings() T-Shirt (Red)</msg>
<status status="PASS" starttime="20230210 22:42:14.286" endtime="20230210 22:42:14.669"/>
</kw>
<status status="PASS" starttime="20230210 22:42:14.284" endtime="20230210 22:42:14.669"/>
</test>
<test id="s1-t3" name="Verify cart items" line="22">
<kw name="Get Text" library="SeleniumLibrary">
<var>${cartCount}</var>
<arg>xpath://*[@class='shopping_cart_badge']</arg>
<doc>Returns the text value of the element identified by ``locator``.</doc>
<msg timestamp="20230210 22:42:14.699" level="INFO">${cartCount} = 2</msg>
<status status="PASS" starttime="20230210 22:42:14.670" endtime="20230210 22:42:14.699"/>
</kw>
<kw name="Should Be Equal As Numbers" library="BuiltIn">
<arg>${cartCount}</arg>
<arg>2</arg>
<doc>Fails if objects are unequal after converting them to real numbers.</doc>
<status status="PASS" starttime="20230210 22:42:14.699" endtime="20230210 22:42:14.700"/>
</kw>
<status status="PASS" starttime="20230210 22:42:14.670" endtime="20230210 22:42:14.700"/>
</test>
<test id="s1-t4" name="Click on cart" line="25">
<kw name="Click Element" library="SeleniumLibrary">
<arg>class:shopping_cart_badge</arg>
<doc>Click the element identified by ``locator``.</doc>
<msg timestamp="20230210 22:42:14.703" level="INFO">Clicking element 'class:shopping_cart_badge'.</msg>
<status status="PASS" starttime="20230210 22:42:14.702" endtime="20230210 22:42:14.783"/>
</kw>
<status status="PASS" starttime="20230210 22:42:14.701" endtime="20230210 22:42:14.784"/>
</test>
<test id="s1-t5" name="Verify total of price from the cart" line="28">
<kw name="Verify Total Of Price" library="Hello">
<arg>class:inventory_item_price</arg>
<status status="PASS" starttime="20230210 22:42:14.785" endtime="20230210 22:42:14.827"/>
</kw>
<status status="PASS" starttime="20230210 22:42:14.784" endtime="20230210 22:42:14.828"/>
</test>
<status status="PASS" starttime="20230210 22:42:10.103" endtime="20230210 22:42:14.829"/>
</suite>
<statistics>
<total>
<stat pass="5" fail="0" skip="0">All Tests</stat>
</total>
<tag>
<stat pass="1" fail="0" skip="0">smoke</stat>
</tag>
<suite>
<stat pass="5" fail="0" skip="0" id="s1" name="SloginTest">SloginTest</stat>
</suite>
</statistics>
<errors>
</errors>
</robot>
